<?xml version="1.0" encoding="UTF-8"?>
<!-- Generated by org.testng.reporters.JUnitReportReporter -->
<testsuite hostname="DESKTOP-PP1U1SC" failures="0" tests="1" name="com.edureka.scripts.LogInScript" time="9.752" errors="0" timestamp="2020-05-21T03:17:04 IST" skipped="0">
  <testcase classname="com.edureka.scripts.LogInScript" name="tc_01_login" time="9.752"/>
</testsuite> <!-- com.edureka.scripts.LogInScript -->
