<?xml version="1.0" encoding="UTF-8"?>
<!-- Generated by org.testng.reporters.JUnitReportReporter -->
<testsuite hostname="DESKTOP-PP1U1SC" failures="0" tests="1" name="com.edureka.scripts.MyClassroomScripts" time="20.514" errors="0" timestamp="2020-05-15T03:38:00 IST" skipped="0">
  <testcase classname="com.edureka.scripts.MyClassroomScripts" name="tc_01_selectBlogOption" time="20.514"/>
</testsuite> <!-- com.edureka.scripts.MyClassroomScripts -->
