<?xml version="1.0" encoding="UTF-8"?>
<!-- Generated by org.testng.reporters.JUnitReportReporter -->
<testsuite hostname="DESKTOP-PP1U1SC" failures="0" tests="1" name="com.edureka.scripts.LogInScript" time="4.856" errors="0" timestamp="2020-05-15T04:05:07 IST" skipped="0">
  <testcase classname="com.edureka.scripts.LogInScript" name="tc_01_login" time="4.856"/>
</testsuite> <!-- com.edureka.scripts.LogInScript -->
